<?xml version="1.0" encoding="UTF-8"?>
<testng-results skipped="0" failed="0" total="1" passed="1">
  <reporter-output>
  </reporter-output>
  <suite name="Default suite" duration-ms="3552" started-at="2020-04-18T17:49:13Z" finished-at="2020-04-18T17:49:17Z">
    <groups>
    </groups>
    <test name="Default test" duration-ms="3552" started-at="2020-04-18T17:49:13Z" finished-at="2020-04-18T17:49:17Z">
      <class name="Examples.Basics">
        <test-method status="PASS" signature="getCity()[pri:0, instance:Examples.Basics@366e2eef]" name="getCity" duration-ms="3516" started-at="2020-04-18T17:49:13Z" finished-at="2020-04-18T17:49:17Z">
        </test-method>
      </class>
    </test>
  </suite>
</testng-results>
